# JRE version: OpenJDK Runtime Environment (8.0_242-b01) (build 1.8.0_242-release-1644-b01)
# Java VM: OpenJDK 64-Bit Server VM (25.242-b01 mixed mode windows-amd64 compressed oops)
Heap:
 PSYoungGen      total 205312K, used 150387K [0x00000000e0000000, 0x00000000ee300000, 0x0000000100000000)
  eden space 185344K, 70% used [0x00000000e0000000,0x00000000e7f5f290,0x00000000eb500000)
  from space 19968K, 99% used [0x00000000ecd00000,0x00000000ee07d9a0,0x00000000ee080000)
  to   space 23552K, 0% used [0x00000000eb500000,0x00000000eb500000,0x00000000ecc00000)
 ParOldGen       total 145920K, used 40279K [0x00000000a0000000, 0x00000000a8e80000, 0x00000000e0000000)
  object space 145920K, 27% used [0x00000000a0000000,0x00000000a2755f10,0x00000000a8e80000)
 Metaspace       used 76705K, capacity 79802K, committed 80000K, reserved 1118208K
  class space    used 10169K, capacity 10846K, committed 10880K, reserved 1048576K
GC Heap History (10 events):
Event: 7.969 GC heap before
{Heap before GC invocations=13 (full 2):
 PSYoungGen      total 142336K, used 142309K [0x00000000e0000000, 0x00000000ea380000, 0x0000000100000000)
  eden space 129536K, 100% used [0x00000000e0000000,0x00000000e7e80000,0x00000000e7e80000)
  from space 12800K, 99% used [0x00000000e9700000,0x00000000ea379690,0x00000000ea380000)
  to   space 14336K, 0% used [0x00000000e8780000,0x00000000e8780000,0x00000000e9580000)
 ParOldGen       total 93184K, used 19390K [0x00000000a0000000, 0x00000000a5b00000, 0x00000000e0000000)
  object space 93184K, 20% used [0x00000000a0000000,0x00000000a12efae8,0x00000000a5b00000)
 Metaspace       used 52761K, capacity 54348K, committed 54528K, reserved 1095680K
  class space    used 7173K, capacity 7590K, committed 7680K, reserved 1048576K
Event: 7.984 GC heap after
Heap after GC invocations=13 (full 2):
 PSYoungGen      total 153088K, used 14307K [0x00000000e0000000, 0x00000000ec380000, 0x0000000100000000)
  eden space 138752K, 0% used [0x00000000e0000000,0x00000000e0000000,0x00000000e8780000)
  from space 14336K, 99% used [0x00000000e8780000,0x00000000e9578fa8,0x00000000e9580000)
  to   space 18944K, 0% used [0x00000000eb100000,0x00000000eb100000,0x00000000ec380000)
 ParOldGen       total 93184K, used 27299K [0x00000000a0000000, 0x00000000a5b00000, 0x00000000e0000000)
  object space 93184K, 29% used [0x00000000a0000000,0x00000000a1aa8dc8,0x00000000a5b00000)
 Metaspace       used 52761K, capacity 54348K, committed 54528K, reserved 1095680K
  class space    used 7173K, capacity 7590K, committed 7680K, reserved 1048576K
}
Event: 8.857 GC heap before
{Heap before GC invocations=14 (full 2):
 PSYoungGen      total 153088K, used 102285K [0x00000000e0000000, 0x00000000ec380000, 0x0000000100000000)
  eden space 138752K, 63% used [0x00000000e0000000,0x00000000e55ea688,0x00000000e8780000)
  from space 14336K, 99% used [0x00000000e8780000,0x00000000e9578fa8,0x00000000e9580000)
  to   space 18944K, 0% used [0x00000000eb100000,0x00000000eb100000,0x00000000ec380000)
 ParOldGen       total 93184K, used 27299K [0x00000000a0000000, 0x00000000a5b00000, 0x00000000e0000000)
  object space 93184K, 29% used [0x00000000a0000000,0x00000000a1aa8dc8,0x00000000a5b00000)
 Metaspace       used 57233K, capacity 59092K, committed 59160K, reserved 1099776K
  class space    used 7842K, capacity 8296K, committed 8320K, reserved 1048576K
Event: 8.874 GC heap after
Heap after GC invocations=14 (full 2):
 PSYoungGen      total 181760K, used 8139K [0x00000000e0000000, 0x00000000ecd80000, 0x0000000100000000)
  eden space 162816K, 0% used [0x00000000e0000000,0x00000000e0000000,0x00000000e9f00000)
  from space 18944K, 42% used [0x00000000eb100000,0x00000000eb8f2f58,0x00000000ec380000)
  to   space 18432K, 0% used [0x00000000e9f00000,0x00000000e9f00000,0x00000000eb100000)
 ParOldGen       total 93184K, used 34341K [0x00000000a0000000, 0x00000000a5b00000, 0x00000000e0000000)
  object space 93184K, 36% used [0x00000000a0000000,0x00000000a2189668,0x00000000a5b00000)
 Metaspace       used 57233K, capacity 59092K, committed 59160K, reserved 1099776K
  class space    used 7842K, capacity 8296K, committed 8320K, reserved 1048576K
}
Event: 8.874 GC heap before
{Heap before GC invocations=15 (full 3):
 PSYoungGen      total 181760K, used 8139K [0x00000000e0000000, 0x00000000ecd80000, 0x0000000100000000)
  eden space 162816K, 0% used [0x00000000e0000000,0x00000000e0000000,0x00000000e9f00000)
  from space 18944K, 42% used [0x00000000eb100000,0x00000000eb8f2f58,0x00000000ec380000)
  to   space 18432K, 0% used [0x00000000e9f00000,0x00000000e9f00000,0x00000000eb100000)
 ParOldGen       total 93184K, used 34341K [0x00000000a0000000, 0x00000000a5b00000, 0x00000000e0000000)
  object space 93184K, 36% used [0x00000000a0000000,0x00000000a2189668,0x00000000a5b00000)
 Metaspace       used 57233K, capacity 59092K, committed 59160K, reserved 1099776K
  class space    used 7842K, capacity 8296K, committed 8320K, reserved 1048576K
Event: 9.155 GC heap after
Heap after GC invocations=15 (full 3):
 PSYoungGen      total 181760K, used 0K [0x00000000e0000000, 0x00000000ecd80000, 0x0000000100000000)
  eden space 162816K, 0% used [0x00000000e0000000,0x00000000e0000000,0x00000000e9f00000)
  from space 18944K, 0% used [0x00000000eb100000,0x00000000eb100000,0x00000000ec380000)
  to   space 18432K, 0% used [0x00000000e9f00000,0x00000000e9f00000,0x00000000eb100000)
 ParOldGen       total 145920K, used 37897K [0x00000000a0000000, 0x00000000a8e80000, 0x00000000e0000000)
  object space 145920K, 25% used [0x00000000a0000000,0x00000000a2502798,0x00000000a8e80000)
 Metaspace       used 57204K, capacity 58996K, committed 59160K, reserved 1099776K
  class space    used 7834K, capacity 8280K, committed 8320K, reserved 1048576K
}
Event: 10.868 GC heap before
{Heap before GC invocations=16 (full 3):
 PSYoungGen      total 181760K, used 162816K [0x00000000e0000000, 0x00000000ecd80000, 0x0000000100000000)
  eden space 162816K, 100% used [0x00000000e0000000,0x00000000e9f00000,0x00000000e9f00000)
  from space 18944K, 0% used [0x00000000eb100000,0x00000000eb100000,0x00000000ec380000)
  to   space 18432K, 0% used [0x00000000e9f00000,0x00000000e9f00000,0x00000000eb100000)
 ParOldGen       total 145920K, used 37897K [0x00000000a0000000, 0x00000000a8e80000, 0x00000000e0000000)
  object space 145920K, 25% used [0x00000000a0000000,0x00000000a2502798,0x00000000a8e80000)
 Metaspace       used 66654K, capacity 69222K, committed 69504K, reserved 1110016K
  class space    used 9199K, capacity 9731K, committed 9856K, reserved 1048576K
Event: 10.884 GC heap after
Heap after GC invocations=16 (full 3):
 PSYoungGen      total 181248K, used 15318K [0x00000000e0000000, 0x00000000ee080000, 0x0000000100000000)
  eden space 162816K, 0% used [0x00000000e0000000,0x00000000e0000000,0x00000000e9f00000)
  from space 18432K, 83% used [0x00000000e9f00000,0x00000000eadf5b58,0x00000000eb100000)
  to   space 19968K, 0% used [0x00000000ecd00000,0x00000000ecd00000,0x00000000ee080000)
 ParOldGen       total 145920K, used 37905K [0x00000000a0000000, 0x00000000a8e80000, 0x00000000e0000000)
  object space 145920K, 25% used [0x00000000a0000000,0x00000000a2504798,0x00000000a8e80000)
 Metaspace       used 66654K, capacity 69222K, committed 69504K, reserved 1110016K
  class space    used 9199K, capacity 9731K, committed 9856K, reserved 1048576K
}
Event: 20.064 GC heap before
{Heap before GC invocations=17 (full 3):
 PSYoungGen      total 181248K, used 178134K [0x00000000e0000000, 0x00000000ee080000, 0x0000000100000000)
  eden space 162816K, 100% used [0x00000000e0000000,0x00000000e9f00000,0x00000000e9f00000)
  from space 18432K, 83% used [0x00000000e9f00000,0x00000000eadf5b58,0x00000000eb100000)
  to   space 19968K, 0% used [0x00000000ecd00000,0x00000000ecd00000,0x00000000ee080000)
 ParOldGen       total 145920K, used 37905K [0x00000000a0000000, 0x00000000a8e80000, 0x00000000e0000000)
  object space 145920K, 25% used [0x00000000a0000000,0x00000000a2504798,0x00000000a8e80000)
 Metaspace       used 71309K, capacity 74060K, committed 74368K, reserved 1114112K
  class space    used 9712K, capacity 10256K, committed 10368K, reserved 1048576K
Event: 20.083 GC heap after
Heap after GC invocations=17 (full 3):
 PSYoungGen      total 205312K, used 19958K [0x00000000e0000000, 0x00000000ee300000, 0x0000000100000000)
  eden space 185344K, 0% used [0x00000000e0000000,0x00000000e0000000,0x00000000eb500000)
  from space 19968K, 99% used [0x00000000ecd00000,0x00000000ee07d9a0,0x00000000ee080000)
  to   space 23552K, 0% used [0x00000000eb500000,0x00000000eb500000,0x00000000ecc00000)
 ParOldGen       total 145920K, used 40279K [0x00000000a0000000, 0x00000000a8e80000, 0x00000000e0000000)
  object space 145920K, 27% used [0x00000000a0000000,0x00000000a2755f10,0x00000000a8e80000)
 Metaspace       used 71309K, capacity 74060K, committed 74368K, reserved 1114112K
  class space    used 9712K, capacity 10256K, committed 10368K, reserved 1048576K
}

