# JRE version: OpenJDK Runtime Environment (8.0_242-b01) (build 1.8.0_242-release-1644-b01)
# Java VM: OpenJDK 64-Bit Server VM (25.242-b01 mixed mode windows-amd64 compressed oops)
Heap:
 PSYoungGen      total 261632K, used 150609K [0x00000000eab00000, 0x0000000100000000, 0x0000000100000000)
  eden space 200704K, 66% used [0x00000000eab00000,0x00000000f2c77640,0x00000000f6f00000)
  from space 60928K, 29% used [0x00000000f6f00000,0x00000000f809cf18,0x00000000faa80000)
  to   space 87552K, 0% used [0x00000000faa80000,0x00000000faa80000,0x0000000100000000)
 ParOldGen       total 195584K, used 195551K [0x00000000c0000000, 0x00000000cbf00000, 0x00000000eab00000)
  object space 195584K, 99% used [0x00000000c0000000,0x00000000cbef7f20,0x00000000cbf00000)
 Metaspace       used 71176K, capacity 73730K, committed 74368K, reserved 1114112K
  class space    used 9650K, capacity 10181K, committed 10368K, reserved 1048576K
GC Heap History (10 events):
Event: 14.619 GC heap before
{Heap before GC invocations=17 (full 3):
 PSYoungGen      total 180224K, used 180214K [0x00000000eab00000, 0x00000000f8a80000, 0x0000000100000000)
  eden space 162304K, 100% used [0x00000000eab00000,0x00000000f4980000,0x00000000f4980000)
  from space 17920K, 99% used [0x00000000f4980000,0x00000000f5afdb88,0x00000000f5b00000)
  to   space 20992K, 0% used [0x00000000f7600000,0x00000000f7600000,0x00000000f8a80000)
 ParOldGen       total 142848K, used 38417K [0x00000000c0000000, 0x00000000c8b80000, 0x00000000eab00000)
  object space 142848K, 26% used [0x00000000c0000000,0x00000000c2584708,0x00000000c8b80000)
 Metaspace       used 65278K, capacity 67690K, committed 67712K, reserved 1107968K
  class space    used 8798K, capacity 9323K, committed 9344K, reserved 1048576K
Event: 14.648 GC heap after
Heap after GC invocations=17 (full 3):
 PSYoungGen      total 201728K, used 20971K [0x00000000eab00000, 0x00000000f9b80000, 0x0000000100000000)
  eden space 180736K, 0% used [0x00000000eab00000,0x00000000eab00000,0x00000000f5b80000)
  from space 20992K, 99% used [0x00000000f7600000,0x00000000f8a7ae68,0x00000000f8a80000)
  to   space 27136K, 0% used [0x00000000f5b80000,0x00000000f5b80000,0x00000000f7600000)
 ParOldGen       total 142848K, used 47488K [0x00000000c0000000, 0x00000000c8b80000, 0x00000000eab00000)
  object space 142848K, 33% used [0x00000000c0000000,0x00000000c2e60240,0x00000000c8b80000)
 Metaspace       used 65278K, capacity 67690K, committed 67712K, reserved 1107968K
  class space    used 8798K, capacity 9323K, committed 9344K, reserved 1048576K
}
Event: 15.612 GC heap before
{Heap before GC invocations=18 (full 3):
 PSYoungGen      total 201728K, used 201387K [0x00000000eab00000, 0x00000000f9b80000, 0x0000000100000000)
  eden space 180736K, 99% used [0x00000000eab00000,0x00000000f5b2ff20,0x00000000f5b80000)
  from space 20992K, 99% used [0x00000000f7600000,0x00000000f8a7ae68,0x00000000f8a80000)
  to   space 27136K, 0% used [0x00000000f5b80000,0x00000000f5b80000,0x00000000f7600000)
 ParOldGen       total 142848K, used 47488K [0x00000000c0000000, 0x00000000c8b80000, 0x00000000eab00000)
  object space 142848K, 33% used [0x00000000c0000000,0x00000000c2e60240,0x00000000c8b80000)
 Metaspace       used 67422K, capacity 69960K, committed 70144K, reserved 1110016K
  class space    used 9106K, capacity 9616K, committed 9728K, reserved 1048576K
Event: 15.656 GC heap after
Heap after GC invocations=18 (full 3):
 PSYoungGen      total 207872K, used 27130K [0x00000000eab00000, 0x00000000fd180000, 0x0000000100000000)
  eden space 180736K, 0% used [0x00000000eab00000,0x00000000eab00000,0x00000000f5b80000)
  from space 27136K, 99% used [0x00000000f5b80000,0x00000000f75fe948,0x00000000f7600000)
  to   space 39936K, 0% used [0x00000000faa80000,0x00000000faa80000,0x00000000fd180000)
 ParOldGen       total 142848K, used 71395K [0x00000000c0000000, 0x00000000c8b80000, 0x00000000eab00000)
  object space 142848K, 49% used [0x00000000c0000000,0x00000000c45b8c88,0x00000000c8b80000)
 Metaspace       used 67422K, capacity 69960K, committed 70144K, reserved 1110016K
  class space    used 9106K, capacity 9616K, committed 9728K, reserved 1048576K
}
Event: 16.192 GC heap before
{Heap before GC invocations=19 (full 3):
 PSYoungGen      total 207872K, used 207866K [0x00000000eab00000, 0x00000000fd180000, 0x0000000100000000)
  eden space 180736K, 100% used [0x00000000eab00000,0x00000000f5b80000,0x00000000f5b80000)
  from space 27136K, 99% used [0x00000000f5b80000,0x00000000f75fe948,0x00000000f7600000)
  to   space 39936K, 0% used [0x00000000faa80000,0x00000000faa80000,0x00000000fd180000)
 ParOldGen       total 142848K, used 71395K [0x00000000c0000000, 0x00000000c8b80000, 0x00000000eab00000)
  object space 142848K, 49% used [0x00000000c0000000,0x00000000c45b8c88,0x00000000c8b80000)
 Metaspace       used 69897K, capacity 72564K, committed 72832K, reserved 1112064K
  class space    used 9524K, capacity 10082K, committed 10112K, reserved 1048576K
Event: 16.294 GC heap after
Heap after GC invocations=19 (full 3):
 PSYoungGen      total 240640K, used 39922K [0x00000000eab00000, 0x0000000100000000, 0x0000000100000000)
  eden space 200704K, 0% used [0x00000000eab00000,0x00000000eab00000,0x00000000f6f00000)
  from space 39936K, 99% used [0x00000000faa80000,0x00000000fd17c8a8,0x00000000fd180000)
  to   space 60928K, 0% used [0x00000000f6f00000,0x00000000f6f00000,0x00000000faa80000)
 ParOldGen       total 142848K, used 110953K [0x00000000c0000000, 0x00000000c8b80000, 0x00000000eab00000)
  object space 142848K, 77% used [0x00000000c0000000,0x00000000c6c5a6e8,0x00000000c8b80000)
 Metaspace       used 69897K, capacity 72564K, committed 72832K, reserved 1112064K
  class space    used 9524K, capacity 10082K, committed 10112K, reserved 1048576K
}
Event: 16.938 GC heap before
{Heap before GC invocations=20 (full 3):
 PSYoungGen      total 240640K, used 240626K [0x00000000eab00000, 0x0000000100000000, 0x0000000100000000)
  eden space 200704K, 100% used [0x00000000eab00000,0x00000000f6f00000,0x00000000f6f00000)
  from space 39936K, 99% used [0x00000000faa80000,0x00000000fd17c8a8,0x00000000fd180000)
  to   space 60928K, 0% used [0x00000000f6f00000,0x00000000f6f00000,0x00000000faa80000)
 ParOldGen       total 142848K, used 110953K [0x00000000c0000000, 0x00000000c8b80000, 0x00000000eab00000)
  object space 142848K, 77% used [0x00000000c0000000,0x00000000c6c5a6e8,0x00000000c8b80000)
 Metaspace       used 71092K, capacity 73914K, committed 73984K, reserved 1114112K
  class space    used 9666K, capacity 10229K, committed 10240K, reserved 1048576K
Event: 17.122 GC heap after
Heap after GC invocations=20 (full 3):
 PSYoungGen      total 261632K, used 60906K [0x00000000eab00000, 0x0000000100000000, 0x0000000100000000)
  eden space 200704K, 0% used [0x00000000eab00000,0x00000000eab00000,0x00000000f6f00000)
  from space 60928K, 99% used [0x00000000f6f00000,0x00000000faa7aa78,0x00000000faa80000)
  to   space 87552K, 0% used [0x00000000faa80000,0x00000000faa80000,0x0000000100000000)
 ParOldGen       total 195584K, used 193085K [0x00000000c0000000, 0x00000000cbf00000, 0x00000000eab00000)
  object space 195584K, 98% used [0x00000000c0000000,0x00000000cbc8f4e0,0x00000000cbf00000)
 Metaspace       used 71092K, capacity 73914K, committed 73984K, reserved 1114112K
  class space    used 9666K, capacity 10229K, committed 10240K, reserved 1048576K
}
Event: 17.122 GC heap before
{Heap before GC invocations=21 (full 4):
 PSYoungGen      total 261632K, used 60906K [0x00000000eab00000, 0x0000000100000000, 0x0000000100000000)
  eden space 200704K, 0% used [0x00000000eab00000,0x00000000eab00000,0x00000000f6f00000)
  from space 60928K, 99% used [0x00000000f6f00000,0x00000000faa7aa78,0x00000000faa80000)
  to   space 87552K, 0% used [0x00000000faa80000,0x00000000faa80000,0x0000000100000000)
 ParOldGen       total 195584K, used 193085K [0x00000000c0000000, 0x00000000cbf00000, 0x00000000eab00000)
  object space 195584K, 98% used [0x00000000c0000000,0x00000000cbc8f4e0,0x00000000cbf00000)
 Metaspace       used 71092K, capacity 73914K, committed 73984K, reserved 1114112K
  class space    used 9666K, capacity 10229K, committed 10240K, reserved 1048576K
Event: 17.939 GC heap after
Heap after GC invocations=21 (full 4):
 PSYoungGen      total 261632K, used 18035K [0x00000000eab00000, 0x0000000100000000, 0x0000000100000000)
  eden space 200704K, 0% used [0x00000000eab00000,0x00000000eab00000,0x00000000f6f00000)
  from space 60928K, 29% used [0x00000000f6f00000,0x00000000f809cf18,0x00000000faa80000)
  to   space 87552K, 0% used [0x00000000faa80000,0x00000000faa80000,0x0000000100000000)
 ParOldGen       total 195584K, used 195551K [0x00000000c0000000, 0x00000000cbf00000, 0x00000000eab00000)
  object space 195584K, 99% used [0x00000000c0000000,0x00000000cbef7f20,0x00000000cbf00000)
 Metaspace       used 70890K, capacity 73330K, committed 73984K, reserved 1114112K
  class space    used 9604K, capacity 10119K, committed 10240K, reserved 1048576K
}

