# JRE version: OpenJDK Runtime Environment (8.0_242-b01) (build 1.8.0_242-release-1644-b01)
# Java VM: OpenJDK 64-Bit Server VM (25.242-b01 mixed mode windows-amd64 compressed oops)
Heap:
 PSYoungGen      total 113664K, used 9162K [0x00000000e0000000, 0x00000000e8000000, 0x0000000100000000)
  eden space 101376K, 9% used [0x00000000e0000000,0x00000000e08f28d8,0x00000000e6300000)
  from space 12288K, 0% used [0x00000000e6300000,0x00000000e6300000,0x00000000e6f00000)
  to   space 11264K, 0% used [0x00000000e6f00000,0x00000000e6f00000,0x00000000e7a00000)
 ParOldGen       total 83968K, used 15021K [0x00000000a0000000, 0x00000000a5200000, 0x00000000e0000000)
  object space 83968K, 17% used [0x00000000a0000000,0x00000000a0eab420,0x00000000a5200000)
 Metaspace       used 34953K, capacity 35718K, committed 35840K, reserved 1081344K
  class space    used 4633K, capacity 4848K, committed 4864K, reserved 1048576K
GC Heap History (10 events):
Event: 2.605 GC heap before
{Heap before GC invocations=7 (full 1):
 PSYoungGen      total 75776K, used 8162K [0x00000000e0000000, 0x00000000e5600000, 0x0000000100000000)
  eden space 65024K, 0% used [0x00000000e0000000,0x00000000e0000000,0x00000000e3f80000)
  from space 10752K, 75% used [0x00000000e4a80000,0x00000000e5278ad8,0x00000000e5500000)
  to   space 11264K, 0% used [0x00000000e3f80000,0x00000000e3f80000,0x00000000e4a80000)
 ParOldGen       total 86016K, used 8817K [0x00000000a0000000, 0x00000000a5400000, 0x00000000e0000000)
  object space 86016K, 10% used [0x00000000a0000000,0x00000000a089c7f0,0x00000000a5400000)
 Metaspace       used 20580K, capacity 21148K, committed 21296K, reserved 1067008K
  class space    used 2978K, capacity 3161K, committed 3200K, reserved 1048576K
Event: 2.644 GC heap after
Heap after GC invocations=7 (full 1):
 PSYoungGen      total 75776K, used 0K [0x00000000e0000000, 0x00000000e5600000, 0x0000000100000000)
  eden space 65024K, 0% used [0x00000000e0000000,0x00000000e0000000,0x00000000e3f80000)
  from space 10752K, 0% used [0x00000000e4a80000,0x00000000e4a80000,0x00000000e5500000)
  to   space 11264K, 0% used [0x00000000e3f80000,0x00000000e3f80000,0x00000000e4a80000)
 ParOldGen       total 61440K, used 9858K [0x00000000a0000000, 0x00000000a3c00000, 0x00000000e0000000)
  object space 61440K, 16% used [0x00000000a0000000,0x00000000a09a0bd8,0x00000000a3c00000)
 Metaspace       used 20580K, capacity 21148K, committed 21296K, reserved 1067008K
  class space    used 2978K, capacity 3161K, committed 3200K, reserved 1048576K
}
Event: 3.308 GC heap before
{Heap before GC invocations=8 (full 1):
 PSYoungGen      total 75776K, used 65024K [0x00000000e0000000, 0x00000000e5600000, 0x0000000100000000)
  eden space 65024K, 100% used [0x00000000e0000000,0x00000000e3f80000,0x00000000e3f80000)
  from space 10752K, 0% used [0x00000000e4a80000,0x00000000e4a80000,0x00000000e5500000)
  to   space 11264K, 0% used [0x00000000e3f80000,0x00000000e3f80000,0x00000000e4a80000)
 ParOldGen       total 61440K, used 9858K [0x00000000a0000000, 0x00000000a3c00000, 0x00000000e0000000)
  object space 61440K, 16% used [0x00000000a0000000,0x00000000a09a0bd8,0x00000000a3c00000)
 Metaspace       used 28384K, capacity 28964K, committed 29312K, reserved 1075200K
  class space    used 3907K, capacity 4099K, committed 4224K, reserved 1048576K
Event: 3.320 GC heap after
Heap after GC invocations=8 (full 1):
 PSYoungGen      total 76288K, used 7583K [0x00000000e0000000, 0x00000000e7a00000, 0x0000000100000000)
  eden space 65024K, 0% used [0x00000000e0000000,0x00000000e0000000,0x00000000e3f80000)
  from space 11264K, 67% used [0x00000000e3f80000,0x00000000e46e7f20,0x00000000e4a80000)
  to   space 11264K, 0% used [0x00000000e6f00000,0x00000000e6f00000,0x00000000e7a00000)
 ParOldGen       total 61440K, used 9866K [0x00000000a0000000, 0x00000000a3c00000, 0x00000000e0000000)
  object space 61440K, 16% used [0x00000000a0000000,0x00000000a09a2bd8,0x00000000a3c00000)
 Metaspace       used 28384K, capacity 28964K, committed 29312K, reserved 1075200K
  class space    used 3907K, capacity 4099K, committed 4224K, reserved 1048576K
}
Event: 4.083 GC heap before
{Heap before GC invocations=9 (full 1):
 PSYoungGen      total 76288K, used 72607K [0x00000000e0000000, 0x00000000e7a00000, 0x0000000100000000)
  eden space 65024K, 100% used [0x00000000e0000000,0x00000000e3f80000,0x00000000e3f80000)
  from space 11264K, 67% used [0x00000000e3f80000,0x00000000e46e7f20,0x00000000e4a80000)
  to   space 11264K, 0% used [0x00000000e6f00000,0x00000000e6f00000,0x00000000e7a00000)
 ParOldGen       total 61440K, used 9866K [0x00000000a0000000, 0x00000000a3c00000, 0x00000000e0000000)
  object space 61440K, 16% used [0x00000000a0000000,0x00000000a09a2bd8,0x00000000a3c00000)
 Metaspace       used 33457K, capacity 34144K, committed 34432K, reserved 1079296K
  class space    used 4519K, capacity 4707K, committed 4736K, reserved 1048576K
Event: 4.118 GC heap after
Heap after GC invocations=9 (full 1):
 PSYoungGen      total 112640K, used 10497K [0x00000000e0000000, 0x00000000e8000000, 0x0000000100000000)
  eden space 101376K, 0% used [0x00000000e0000000,0x00000000e0000000,0x00000000e6300000)
  from space 11264K, 93% used [0x00000000e6f00000,0x00000000e79406b0,0x00000000e7a00000)
  to   space 12288K, 0% used [0x00000000e6300000,0x00000000e6300000,0x00000000e6f00000)
 ParOldGen       total 61440K, used 9874K [0x00000000a0000000, 0x00000000a3c00000, 0x00000000e0000000)
  object space 61440K, 16% used [0x00000000a0000000,0x00000000a09a4bd8,0x00000000a3c00000)
 Metaspace       used 33457K, capacity 34144K, committed 34432K, reserved 1079296K
  class space    used 4519K, capacity 4707K, committed 4736K, reserved 1048576K
}
Event: 4.307 GC heap before
{Heap before GC invocations=10 (full 1):
 PSYoungGen      total 112640K, used 25360K [0x00000000e0000000, 0x00000000e8000000, 0x0000000100000000)
  eden space 101376K, 14% used [0x00000000e0000000,0x00000000e0e83a48,0x00000000e6300000)
  from space 11264K, 93% used [0x00000000e6f00000,0x00000000e79406b0,0x00000000e7a00000)
  to   space 12288K, 0% used [0x00000000e6300000,0x00000000e6300000,0x00000000e6f00000)
 ParOldGen       total 61440K, used 9874K [0x00000000a0000000, 0x00000000a3c00000, 0x00000000e0000000)
  object space 61440K, 16% used [0x00000000a0000000,0x00000000a09a4bd8,0x00000000a3c00000)
 Metaspace       used 34553K, capacity 35362K, committed 35496K, reserved 1079296K
  class space    used 4581K, capacity 4792K, committed 4864K, reserved 1048576K
Event: 4.323 GC heap after
Heap after GC invocations=10 (full 1):
 PSYoungGen      total 113664K, used 7306K [0x00000000e0000000, 0x00000000e8000000, 0x0000000100000000)
  eden space 101376K, 0% used [0x00000000e0000000,0x00000000e0000000,0x00000000e6300000)
  from space 12288K, 59% used [0x00000000e6300000,0x00000000e6a22aa0,0x00000000e6f00000)
  to   space 11264K, 0% used [0x00000000e6f00000,0x00000000e6f00000,0x00000000e7a00000)
 ParOldGen       total 61440K, used 9882K [0x00000000a0000000, 0x00000000a3c00000, 0x00000000e0000000)
  object space 61440K, 16% used [0x00000000a0000000,0x00000000a09a6bd8,0x00000000a3c00000)
 Metaspace       used 34553K, capacity 35362K, committed 35496K, reserved 1079296K
  class space    used 4581K, capacity 4792K, committed 4864K, reserved 1048576K
}
Event: 4.323 GC heap before
{Heap before GC invocations=11 (full 2):
 PSYoungGen      total 113664K, used 7306K [0x00000000e0000000, 0x00000000e8000000, 0x0000000100000000)
  eden space 101376K, 0% used [0x00000000e0000000,0x00000000e0000000,0x00000000e6300000)
  from space 12288K, 59% used [0x00000000e6300000,0x00000000e6a22aa0,0x00000000e6f00000)
  to   space 11264K, 0% used [0x00000000e6f00000,0x00000000e6f00000,0x00000000e7a00000)
 ParOldGen       total 61440K, used 9882K [0x00000000a0000000, 0x00000000a3c00000, 0x00000000e0000000)
  object space 61440K, 16% used [0x00000000a0000000,0x00000000a09a6bd8,0x00000000a3c00000)
 Metaspace       used 34553K, capacity 35362K, committed 35496K, reserved 1079296K
  class space    used 4581K, capacity 4792K, committed 4864K, reserved 1048576K
Event: 4.379 GC heap after
Heap after GC invocations=11 (full 2):
 PSYoungGen      total 113664K, used 0K [0x00000000e0000000, 0x00000000e8000000, 0x0000000100000000)
  eden space 101376K, 0% used [0x00000000e0000000,0x00000000e0000000,0x00000000e6300000)
  from space 12288K, 0% used [0x00000000e6300000,0x00000000e6300000,0x00000000e6f00000)
  to   space 11264K, 0% used [0x00000000e6f00000,0x00000000e6f00000,0x00000000e7a00000)
 ParOldGen       total 83968K, used 15021K [0x00000000a0000000, 0x00000000a5200000, 0x00000000e0000000)
  object space 83968K, 17% used [0x00000000a0000000,0x00000000a0eab420,0x00000000a5200000)
 Metaspace       used 34507K, capacity 35258K, committed 35496K, reserved 1079296K
  class space    used 4570K, capacity 4780K, committed 4864K, reserved 1048576K
}

