# JRE version: OpenJDK Runtime Environment (8.0_242-b01) (build 1.8.0_242-release-1644-b01)
# Java VM: OpenJDK 64-Bit Server VM (25.242-b01 mixed mode windows-amd64 compressed oops)
Heap:
 PSYoungGen      total 232960K, used 195965K [0x00000000e0000000, 0x00000000ef980000, 0x0000000100000000)
  eden space 215552K, 90% used [0x00000000e0000000,0x00000000ebf5f780,0x00000000ed280000)
  from space 17408K, 0% used [0x00000000ee280000,0x00000000ee280000,0x00000000ef380000)
  to   space 16384K, 0% used [0x00000000ed280000,0x00000000ed280000,0x00000000ee280000)
 ParOldGen       total 66048K, used 22819K [0x00000000a0000000, 0x00000000a4080000, 0x00000000e0000000)
  object space 66048K, 34% used [0x00000000a0000000,0x00000000a1648c70,0x00000000a4080000)
 Metaspace       used 49778K, capacity 51366K, committed 51496K, reserved 1093632K
  class space    used 6746K, capacity 7145K, committed 7208K, reserved 1048576K
GC Heap History (10 events):
Event: 3.811 GC heap before
{Heap before GC invocations=4 (full 0):
 PSYoungGen      total 70656K, used 63531K [0x00000000e0000000, 0x00000000e8a00000, 0x0000000100000000)
  eden space 65536K, 89% used [0x00000000e0000000,0x00000000e390ed28,0x00000000e4000000)
  from space 5120K, 99% used [0x00000000e4000000,0x00000000e44fc030,0x00000000e4500000)
  to   space 5120K, 0% used [0x00000000e8500000,0x00000000e8500000,0x00000000e8a00000)
 ParOldGen       total 86016K, used 4993K [0x00000000a0000000, 0x00000000a5400000, 0x00000000e0000000)
  object space 86016K, 5% used [0x00000000a0000000,0x00000000a04e0668,0x00000000a5400000)
 Metaspace       used 20584K, capacity 21148K, committed 21296K, reserved 1067008K
  class space    used 2982K, capacity 3161K, committed 3200K, reserved 1048576K
Event: 3.822 GC heap after
Heap after GC invocations=4 (full 0):
 PSYoungGen      total 136192K, used 5116K [0x00000000e0000000, 0x00000000e8a00000, 0x0000000100000000)
  eden space 131072K, 0% used [0x00000000e0000000,0x00000000e0000000,0x00000000e8000000)
  from space 5120K, 99% used [0x00000000e8500000,0x00000000e89ff0d8,0x00000000e8a00000)
  to   space 5120K, 0% used [0x00000000e8000000,0x00000000e8000000,0x00000000e8500000)
 ParOldGen       total 86016K, used 12625K [0x00000000a0000000, 0x00000000a5400000, 0x00000000e0000000)
  object space 86016K, 14% used [0x00000000a0000000,0x00000000a0c54770,0x00000000a5400000)
 Metaspace       used 20584K, capacity 21148K, committed 21296K, reserved 1067008K
  class space    used 2982K, capacity 3161K, committed 3200K, reserved 1048576K
}
Event: 3.822 GC heap before
{Heap before GC invocations=5 (full 1):
 PSYoungGen      total 136192K, used 5116K [0x00000000e0000000, 0x00000000e8a00000, 0x0000000100000000)
  eden space 131072K, 0% used [0x00000000e0000000,0x00000000e0000000,0x00000000e8000000)
  from space 5120K, 99% used [0x00000000e8500000,0x00000000e89ff0d8,0x00000000e8a00000)
  to   space 5120K, 0% used [0x00000000e8000000,0x00000000e8000000,0x00000000e8500000)
 ParOldGen       total 86016K, used 12625K [0x00000000a0000000, 0x00000000a5400000, 0x00000000e0000000)
  object space 86016K, 14% used [0x00000000a0000000,0x00000000a0c54770,0x00000000a5400000)
 Metaspace       used 20584K, capacity 21148K, committed 21296K, reserved 1067008K
  class space    used 2982K, capacity 3161K, committed 3200K, reserved 1048576K
Event: 3.851 GC heap after
Heap after GC invocations=5 (full 1):
 PSYoungGen      total 136192K, used 0K [0x00000000e0000000, 0x00000000e8a00000, 0x0000000100000000)
  eden space 131072K, 0% used [0x00000000e0000000,0x00000000e0000000,0x00000000e8000000)
  from space 5120K, 0% used [0x00000000e8500000,0x00000000e8500000,0x00000000e8a00000)
  to   space 5120K, 0% used [0x00000000e8000000,0x00000000e8000000,0x00000000e8500000)
 ParOldGen       total 66048K, used 12410K [0x00000000a0000000, 0x00000000a4080000, 0x00000000e0000000)
  object space 66048K, 18% used [0x00000000a0000000,0x00000000a0c1e8a8,0x00000000a4080000)
 Metaspace       used 20584K, capacity 21148K, committed 21296K, reserved 1067008K
  class space    used 2982K, capacity 3161K, committed 3200K, reserved 1048576K
}
Event: 5.045 GC heap before
{Heap before GC invocations=6 (full 1):
 PSYoungGen      total 136192K, used 131072K [0x00000000e0000000, 0x00000000e8a00000, 0x0000000100000000)
  eden space 131072K, 100% used [0x00000000e0000000,0x00000000e8000000,0x00000000e8000000)
  from space 5120K, 0% used [0x00000000e8500000,0x00000000e8500000,0x00000000e8a00000)
  to   space 5120K, 0% used [0x00000000e8000000,0x00000000e8000000,0x00000000e8500000)
 ParOldGen       total 66048K, used 12410K [0x00000000a0000000, 0x00000000a4080000, 0x00000000e0000000)
  object space 66048K, 18% used [0x00000000a0000000,0x00000000a0c1e8a8,0x00000000a4080000)
 Metaspace       used 32266K, capacity 32994K, committed 33152K, reserved 1077248K
  class space    used 4392K, capacity 4627K, committed 4736K, reserved 1048576K
Event: 5.057 GC heap after
Heap after GC invocations=6 (full 1):
 PSYoungGen      total 136192K, used 5120K [0x00000000e0000000, 0x00000000ef380000, 0x0000000100000000)
  eden space 131072K, 0% used [0x00000000e0000000,0x00000000e0000000,0x00000000e8000000)
  from space 5120K, 100% used [0x00000000e8000000,0x00000000e8500000,0x00000000e8500000)
  to   space 17408K, 0% used [0x00000000ee280000,0x00000000ee280000,0x00000000ef380000)
 ParOldGen       total 66048K, used 20746K [0x00000000a0000000, 0x00000000a4080000, 0x00000000e0000000)
  object space 66048K, 31% used [0x00000000a0000000,0x00000000a1442b18,0x00000000a4080000)
 Metaspace       used 32266K, capacity 32994K, committed 33152K, reserved 1077248K
  class space    used 4392K, capacity 4627K, committed 4736K, reserved 1048576K
}
Event: 5.424 GC heap before
{Heap before GC invocations=7 (full 1):
 PSYoungGen      total 136192K, used 59481K [0x00000000e0000000, 0x00000000ef380000, 0x0000000100000000)
  eden space 131072K, 41% used [0x00000000e0000000,0x00000000e3516550,0x00000000e8000000)
  from space 5120K, 100% used [0x00000000e8000000,0x00000000e8500000,0x00000000e8500000)
  to   space 17408K, 0% used [0x00000000ee280000,0x00000000ee280000,0x00000000ef380000)
 ParOldGen       total 66048K, used 20746K [0x00000000a0000000, 0x00000000a4080000, 0x00000000e0000000)
  object space 66048K, 31% used [0x00000000a0000000,0x00000000a1442b18,0x00000000a4080000)
 Metaspace       used 34664K, capacity 35442K, committed 35496K, reserved 1079296K
  class space    used 4794K, capacity 5008K, committed 5032K, reserved 1048576K
Event: 5.436 GC heap after
Heap after GC invocations=7 (full 1):
 PSYoungGen      total 232960K, used 9906K [0x00000000e0000000, 0x00000000ef980000, 0x0000000100000000)
  eden space 215552K, 0% used [0x00000000e0000000,0x00000000e0000000,0x00000000ed280000)
  from space 17408K, 56% used [0x00000000ee280000,0x00000000eec2c9b8,0x00000000ef380000)
  to   space 16384K, 0% used [0x00000000ed280000,0x00000000ed280000,0x00000000ee280000)
 ParOldGen       total 66048K, used 20754K [0x00000000a0000000, 0x00000000a4080000, 0x00000000e0000000)
  object space 66048K, 31% used [0x00000000a0000000,0x00000000a1444b18,0x00000000a4080000)
 Metaspace       used 34664K, capacity 35442K, committed 35496K, reserved 1079296K
  class space    used 4794K, capacity 5008K, committed 5032K, reserved 1048576K
}
Event: 5.436 GC heap before
{Heap before GC invocations=8 (full 2):
 PSYoungGen      total 232960K, used 9906K [0x00000000e0000000, 0x00000000ef980000, 0x0000000100000000)
  eden space 215552K, 0% used [0x00000000e0000000,0x00000000e0000000,0x00000000ed280000)
  from space 17408K, 56% used [0x00000000ee280000,0x00000000eec2c9b8,0x00000000ef380000)
  to   space 16384K, 0% used [0x00000000ed280000,0x00000000ed280000,0x00000000ee280000)
 ParOldGen       total 66048K, used 20754K [0x00000000a0000000, 0x00000000a4080000, 0x00000000e0000000)
  object space 66048K, 31% used [0x00000000a0000000,0x00000000a1444b18,0x00000000a4080000)
 Metaspace       used 34664K, capacity 35442K, committed 35496K, reserved 1079296K
  class space    used 4794K, capacity 5008K, committed 5032K, reserved 1048576K
Event: 5.499 GC heap after
Heap after GC invocations=8 (full 2):
 PSYoungGen      total 232960K, used 0K [0x00000000e0000000, 0x00000000ef980000, 0x0000000100000000)
  eden space 215552K, 0% used [0x00000000e0000000,0x00000000e0000000,0x00000000ed280000)
  from space 17408K, 0% used [0x00000000ee280000,0x00000000ee280000,0x00000000ef380000)
  to   space 16384K, 0% used [0x00000000ed280000,0x00000000ed280000,0x00000000ee280000)
 ParOldGen       total 66048K, used 22819K [0x00000000a0000000, 0x00000000a4080000, 0x00000000e0000000)
  object space 66048K, 34% used [0x00000000a0000000,0x00000000a1648c70,0x00000000a4080000)
 Metaspace       used 34664K, capacity 35442K, committed 35496K, reserved 1079296K
  class space    used 4794K, capacity 5008K, committed 5032K, reserved 1048576K
}

