# JRE version: OpenJDK Runtime Environment (8.0_242-b01) (build 1.8.0_242-release-1644-b01)
# Java VM: OpenJDK 64-Bit Server VM (25.242-b01 mixed mode windows-amd64 compressed oops)
Heap:
 PSYoungGen      total 199680K, used 199287K [0x00000000e0000000, 0x00000000eff80000, 0x0000000100000000)
  eden space 180224K, 100% used [0x00000000e0000000,0x00000000eb000000,0x00000000eb000000)
  from space 19456K, 97% used [0x00000000eb000000,0x00000000ec29dea0,0x00000000ec300000)
  to   space 22016K, 83% used [0x00000000eea00000,0x00000000efbf0970,0x00000000eff80000)
 ParOldGen       total 134656K, used 36319K [0x00000000a0000000, 0x00000000a8380000, 0x00000000e0000000)
  object space 134656K, 26% used [0x00000000a0000000,0x00000000a2377d60,0x00000000a8380000)
 Metaspace       used 64957K, capacity 67162K, committed 67368K, reserved 1107968K
  class space    used 8760K, capacity 9247K, committed 9256K, reserved 1048576K
GC Heap History (10 events):
Event: 9.058 GC heap after
Heap after GC invocations=12 (full 2):
 PSYoungGen      total 153600K, used 12798K [0x00000000e0000000, 0x00000000eb000000, 0x0000000100000000)
  eden space 140800K, 0% used [0x00000000e0000000,0x00000000e0000000,0x00000000e8980000)
  from space 12800K, 99% used [0x00000000ea380000,0x00000000eafffab0,0x00000000eb000000)
  to   space 14848K, 0% used [0x00000000e9300000,0x00000000e9300000,0x00000000ea180000)
 ParOldGen       total 88064K, used 20286K [0x00000000a0000000, 0x00000000a5600000, 0x00000000e0000000)
  object space 88064K, 23% used [0x00000000a0000000,0x00000000a13cfaa8,0x00000000a5600000)
 Metaspace       used 45369K, capacity 46268K, committed 46632K, reserved 1089536K
  class space    used 6105K, capacity 6376K, committed 6440K, reserved 1048576K
}
Event: 10.683 GC heap before
{Heap before GC invocations=13 (full 2):
 PSYoungGen      total 153600K, used 153598K [0x00000000e0000000, 0x00000000eb000000, 0x0000000100000000)
  eden space 140800K, 100% used [0x00000000e0000000,0x00000000e8980000,0x00000000e8980000)
  from space 12800K, 99% used [0x00000000ea380000,0x00000000eafffab0,0x00000000eb000000)
  to   space 14848K, 0% used [0x00000000e9300000,0x00000000e9300000,0x00000000ea180000)
 ParOldGen       total 88064K, used 20286K [0x00000000a0000000, 0x00000000a5600000, 0x00000000e0000000)
  object space 88064K, 23% used [0x00000000a0000000,0x00000000a13cfaa8,0x00000000a5600000)
 Metaspace       used 54330K, capacity 55708K, committed 55976K, reserved 1097728K
  class space    used 7368K, capacity 7728K, committed 7848K, reserved 1048576K
Event: 10.707 GC heap after
Heap after GC invocations=13 (full 2):
 PSYoungGen      total 165376K, used 14840K [0x00000000e0000000, 0x00000000ed600000, 0x0000000100000000)
  eden space 150528K, 0% used [0x00000000e0000000,0x00000000e0000000,0x00000000e9300000)
  from space 14848K, 99% used [0x00000000e9300000,0x00000000ea17e050,0x00000000ea180000)
  to   space 19456K, 0% used [0x00000000ec300000,0x00000000ec300000,0x00000000ed600000)
 ParOldGen       total 88064K, used 27973K [0x00000000a0000000, 0x00000000a5600000, 0x00000000e0000000)
  object space 88064K, 31% used [0x00000000a0000000,0x00000000a1b515b0,0x00000000a5600000)
 Metaspace       used 54330K, capacity 55708K, committed 55976K, reserved 1097728K
  class space    used 7368K, capacity 7728K, committed 7848K, reserved 1048576K
}
Event: 11.688 GC heap before
{Heap before GC invocations=14 (full 2):
 PSYoungGen      total 165376K, used 64078K [0x00000000e0000000, 0x00000000ed600000, 0x0000000100000000)
  eden space 150528K, 32% used [0x00000000e0000000,0x00000000e3015b70,0x00000000e9300000)
  from space 14848K, 99% used [0x00000000e9300000,0x00000000ea17e050,0x00000000ea180000)
  to   space 19456K, 0% used [0x00000000ec300000,0x00000000ec300000,0x00000000ed600000)
 ParOldGen       total 88064K, used 27973K [0x00000000a0000000, 0x00000000a5600000, 0x00000000e0000000)
  object space 88064K, 31% used [0x00000000a0000000,0x00000000a1b515b0,0x00000000a5600000)
 Metaspace       used 57544K, capacity 59060K, committed 59160K, reserved 1099776K
  class space    used 7862K, capacity 8266K, committed 8360K, reserved 1048576K
Event: 11.704 GC heap after
Heap after GC invocations=14 (full 2):
 PSYoungGen      total 199680K, used 4669K [0x00000000e0000000, 0x00000000ee280000, 0x0000000100000000)
  eden space 180224K, 0% used [0x00000000e0000000,0x00000000e0000000,0x00000000eb000000)
  from space 19456K, 24% used [0x00000000ec300000,0x00000000ec78f650,0x00000000ed600000)
  to   space 19456K, 0% used [0x00000000eb000000,0x00000000eb000000,0x00000000ec300000)
 ParOldGen       total 88064K, used 37070K [0x00000000a0000000, 0x00000000a5600000, 0x00000000e0000000)
  object space 88064K, 42% used [0x00000000a0000000,0x00000000a2433aa8,0x00000000a5600000)
 Metaspace       used 57544K, capacity 59060K, committed 59160K, reserved 1099776K
  class space    used 7862K, capacity 8266K, committed 8360K, reserved 1048576K
}
Event: 11.704 GC heap before
{Heap before GC invocations=15 (full 3):
 PSYoungGen      total 199680K, used 4669K [0x00000000e0000000, 0x00000000ee280000, 0x0000000100000000)
  eden space 180224K, 0% used [0x00000000e0000000,0x00000000e0000000,0x00000000eb000000)
  from space 19456K, 24% used [0x00000000ec300000,0x00000000ec78f650,0x00000000ed600000)
  to   space 19456K, 0% used [0x00000000eb000000,0x00000000eb000000,0x00000000ec300000)
 ParOldGen       total 88064K, used 37070K [0x00000000a0000000, 0x00000000a5600000, 0x00000000e0000000)
  object space 88064K, 42% used [0x00000000a0000000,0x00000000a2433aa8,0x00000000a5600000)
 Metaspace       used 57544K, capacity 59060K, committed 59160K, reserved 1099776K
  class space    used 7862K, capacity 8266K, committed 8360K, reserved 1048576K
Event: 11.941 GC heap after
Heap after GC invocations=15 (full 3):
 PSYoungGen      total 199680K, used 0K [0x00000000e0000000, 0x00000000ee280000, 0x0000000100000000)
  eden space 180224K, 0% used [0x00000000e0000000,0x00000000e0000000,0x00000000eb000000)
  from space 19456K, 0% used [0x00000000ec300000,0x00000000ec300000,0x00000000ed600000)
  to   space 19456K, 0% used [0x00000000eb000000,0x00000000eb000000,0x00000000ec300000)
 ParOldGen       total 134656K, used 36311K [0x00000000a0000000, 0x00000000a8380000, 0x00000000e0000000)
  object space 134656K, 26% used [0x00000000a0000000,0x00000000a2375d60,0x00000000a8380000)
 Metaspace       used 57544K, capacity 59060K, committed 59160K, reserved 1099776K
  class space    used 7862K, capacity 8266K, committed 8360K, reserved 1048576K
}
Event: 19.235 GC heap before
{Heap before GC invocations=16 (full 3):
 PSYoungGen      total 199680K, used 180224K [0x00000000e0000000, 0x00000000ee280000, 0x0000000100000000)
  eden space 180224K, 100% used [0x00000000e0000000,0x00000000eb000000,0x00000000eb000000)
  from space 19456K, 0% used [0x00000000ec300000,0x00000000ec300000,0x00000000ed600000)
  to   space 19456K, 0% used [0x00000000eb000000,0x00000000eb000000,0x00000000ec300000)
 ParOldGen       total 134656K, used 36311K [0x00000000a0000000, 0x00000000a8380000, 0x00000000e0000000)
  object space 134656K, 26% used [0x00000000a0000000,0x00000000a2375d60,0x00000000a8380000)
 Metaspace       used 63692K, capacity 65710K, committed 65960K, reserved 1105920K
  class space    used 8605K, capacity 9103K, committed 9128K, reserved 1048576K
Event: 19.274 GC heap after
Heap after GC invocations=16 (full 3):
 PSYoungGen      total 199680K, used 19063K [0x00000000e0000000, 0x00000000eff80000, 0x0000000100000000)
  eden space 180224K, 0% used [0x00000000e0000000,0x00000000e0000000,0x00000000eb000000)
  from space 19456K, 97% used [0x00000000eb000000,0x00000000ec29dea0,0x00000000ec300000)
  to   space 22016K, 0% used [0x00000000eea00000,0x00000000eea00000,0x00000000eff80000)
 ParOldGen       total 134656K, used 36319K [0x00000000a0000000, 0x00000000a8380000, 0x00000000e0000000)
  object space 134656K, 26% used [0x00000000a0000000,0x00000000a2377d60,0x00000000a8380000)
 Metaspace       used 63692K, capacity 65710K, committed 65960K, reserved 1105920K
  class space    used 8605K, capacity 9103K, committed 9128K, reserved 1048576K
}
Event: 21.691 GC heap before
{Heap before GC invocations=17 (full 3):
 PSYoungGen      total 199680K, used 199287K [0x00000000e0000000, 0x00000000eff80000, 0x0000000100000000)
  eden space 180224K, 100% used [0x00000000e0000000,0x00000000eb000000,0x00000000eb000000)
  from space 19456K, 97% used [0x00000000eb000000,0x00000000ec29dea0,0x00000000ec300000)
  to   space 22016K, 0% used [0x00000000eea00000,0x00000000eea00000,0x00000000eff80000)
 ParOldGen       total 134656K, used 36319K [0x00000000a0000000, 0x00000000a8380000, 0x00000000e0000000)
  object space 134656K, 26% used [0x00000000a0000000,0x00000000a2377d60,0x00000000a8380000)
 Metaspace       used 64957K, capacity 67162K, committed 67368K, reserved 1107968K
  class space    used 8760K, capacity 9247K, committed 9256K, reserved 1048576K

