# JRE version: OpenJDK Runtime Environment (8.0_242-b01) (build 1.8.0_242-release-1644-b01)
# Java VM: OpenJDK 64-Bit Server VM (25.242-b01 mixed mode windows-amd64 compressed oops)
Heap:
 PSYoungGen      total 120832K, used 76795K [0x00000000eab00000, 0x00000000f2d00000, 0x0000000100000000)
  eden space 108544K, 70% used [0x00000000eab00000,0x00000000ef5fef00,0x00000000f1500000)
  from space 12288K, 0% used [0x00000000f1500000,0x00000000f1500000,0x00000000f2100000)
  to   space 11264K, 0% used [0x00000000f2100000,0x00000000f2100000,0x00000000f2c00000)
 ParOldGen       total 81920K, used 15036K [0x00000000c0000000, 0x00000000c5000000, 0x00000000eab00000)
  object space 81920K, 18% used [0x00000000c0000000,0x00000000c0eaf288,0x00000000c5000000)
 Metaspace       used 38118K, capacity 39014K, committed 39296K, reserved 1083392K
  class space    used 5147K, capacity 5404K, committed 5504K, reserved 1048576K
GC Heap History (10 events):
Event: 3.851 GC heap before
{Heap before GC invocations=7 (full 1):
 PSYoungGen      total 76800K, used 8156K [0x00000000eab00000, 0x00000000f0100000, 0x0000000100000000)
  eden space 65536K, 0% used [0x00000000eab00000,0x00000000eab00000,0x00000000eeb00000)
  from space 11264K, 72% used [0x00000000ef600000,0x00000000efdf7388,0x00000000f0100000)
  to   space 11264K, 0% used [0x00000000eeb00000,0x00000000eeb00000,0x00000000ef600000)
 ParOldGen       total 86016K, used 8828K [0x00000000c0000000, 0x00000000c5400000, 0x00000000eab00000)
  object space 86016K, 10% used [0x00000000c0000000,0x00000000c089f128,0x00000000c5400000)
 Metaspace       used 20567K, capacity 21148K, committed 21296K, reserved 1067008K
  class space    used 2983K, capacity 3161K, committed 3200K, reserved 1048576K
Event: 3.884 GC heap after
Heap after GC invocations=7 (full 1):
 PSYoungGen      total 76800K, used 0K [0x00000000eab00000, 0x00000000f0100000, 0x0000000100000000)
  eden space 65536K, 0% used [0x00000000eab00000,0x00000000eab00000,0x00000000eeb00000)
  from space 11264K, 0% used [0x00000000ef600000,0x00000000ef600000,0x00000000f0100000)
  to   space 11264K, 0% used [0x00000000eeb00000,0x00000000eeb00000,0x00000000ef600000)
 ParOldGen       total 57344K, used 9837K [0x00000000c0000000, 0x00000000c3800000, 0x00000000eab00000)
  object space 57344K, 17% used [0x00000000c0000000,0x00000000c099b668,0x00000000c3800000)
 Metaspace       used 20567K, capacity 21148K, committed 21296K, reserved 1067008K
  class space    used 2983K, capacity 3161K, committed 3200K, reserved 1048576K
}
Event: 4.551 GC heap before
{Heap before GC invocations=8 (full 1):
 PSYoungGen      total 76800K, used 65536K [0x00000000eab00000, 0x00000000f0100000, 0x0000000100000000)
  eden space 65536K, 100% used [0x00000000eab00000,0x00000000eeb00000,0x00000000eeb00000)
  from space 11264K, 0% used [0x00000000ef600000,0x00000000ef600000,0x00000000f0100000)
  to   space 11264K, 0% used [0x00000000eeb00000,0x00000000eeb00000,0x00000000ef600000)
 ParOldGen       total 57344K, used 9837K [0x00000000c0000000, 0x00000000c3800000, 0x00000000eab00000)
  object space 57344K, 17% used [0x00000000c0000000,0x00000000c099b668,0x00000000c3800000)
 Metaspace       used 28424K, capacity 28996K, committed 29312K, reserved 1075200K
  class space    used 3915K, capacity 4131K, committed 4224K, reserved 1048576K
Event: 4.557 GC heap after
Heap after GC invocations=8 (full 1):
 PSYoungGen      total 76800K, used 7698K [0x00000000eab00000, 0x00000000f2c00000, 0x0000000100000000)
  eden space 65536K, 0% used [0x00000000eab00000,0x00000000eab00000,0x00000000eeb00000)
  from space 11264K, 68% used [0x00000000eeb00000,0x00000000ef284ab0,0x00000000ef600000)
  to   space 11264K, 0% used [0x00000000f2100000,0x00000000f2100000,0x00000000f2c00000)
 ParOldGen       total 57344K, used 9845K [0x00000000c0000000, 0x00000000c3800000, 0x00000000eab00000)
  object space 57344K, 17% used [0x00000000c0000000,0x00000000c099d668,0x00000000c3800000)
 Metaspace       used 28424K, capacity 28996K, committed 29312K, reserved 1075200K
  class space    used 3915K, capacity 4131K, committed 4224K, reserved 1048576K
}
Event: 5.247 GC heap before
{Heap before GC invocations=9 (full 1):
 PSYoungGen      total 76800K, used 73234K [0x00000000eab00000, 0x00000000f2c00000, 0x0000000100000000)
  eden space 65536K, 100% used [0x00000000eab00000,0x00000000eeb00000,0x00000000eeb00000)
  from space 11264K, 68% used [0x00000000eeb00000,0x00000000ef284ab0,0x00000000ef600000)
  to   space 11264K, 0% used [0x00000000f2100000,0x00000000f2100000,0x00000000f2c00000)
 ParOldGen       total 57344K, used 9845K [0x00000000c0000000, 0x00000000c3800000, 0x00000000eab00000)
  object space 57344K, 17% used [0x00000000c0000000,0x00000000c099d668,0x00000000c3800000)
 Metaspace       used 33491K, capacity 34158K, committed 34432K, reserved 1079296K
  class space    used 4525K, capacity 4713K, committed 4736K, reserved 1048576K
Event: 5.256 GC heap after
Heap after GC invocations=9 (full 1):
 PSYoungGen      total 119808K, used 10706K [0x00000000eab00000, 0x00000000f2d00000, 0x0000000100000000)
  eden space 108544K, 0% used [0x00000000eab00000,0x00000000eab00000,0x00000000f1500000)
  from space 11264K, 95% used [0x00000000f2100000,0x00000000f2b74ae8,0x00000000f2c00000)
  to   space 12288K, 0% used [0x00000000f1500000,0x00000000f1500000,0x00000000f2100000)
 ParOldGen       total 57344K, used 9853K [0x00000000c0000000, 0x00000000c3800000, 0x00000000eab00000)
  object space 57344K, 17% used [0x00000000c0000000,0x00000000c099f668,0x00000000c3800000)
 Metaspace       used 33491K, capacity 34158K, committed 34432K, reserved 1079296K
  class space    used 4525K, capacity 4713K, committed 4736K, reserved 1048576K
}
Event: 5.402 GC heap before
{Heap before GC invocations=10 (full 1):
 PSYoungGen      total 119808K, used 25321K [0x00000000eab00000, 0x00000000f2d00000, 0x0000000100000000)
  eden space 108544K, 13% used [0x00000000eab00000,0x00000000eb945a60,0x00000000f1500000)
  from space 11264K, 95% used [0x00000000f2100000,0x00000000f2b74ae8,0x00000000f2c00000)
  to   space 12288K, 0% used [0x00000000f1500000,0x00000000f1500000,0x00000000f2100000)
 ParOldGen       total 57344K, used 9853K [0x00000000c0000000, 0x00000000c3800000, 0x00000000eab00000)
  object space 57344K, 17% used [0x00000000c0000000,0x00000000c099f668,0x00000000c3800000)
 Metaspace       used 34578K, capacity 35362K, committed 35496K, reserved 1079296K
  class space    used 4587K, capacity 4792K, committed 4864K, reserved 1048576K
Event: 5.410 GC heap after
Heap after GC invocations=10 (full 1):
 PSYoungGen      total 120832K, used 7313K [0x00000000eab00000, 0x00000000f2d00000, 0x0000000100000000)
  eden space 108544K, 0% used [0x00000000eab00000,0x00000000eab00000,0x00000000f1500000)
  from space 12288K, 59% used [0x00000000f1500000,0x00000000f1c24658,0x00000000f2100000)
  to   space 11264K, 0% used [0x00000000f2100000,0x00000000f2100000,0x00000000f2c00000)
 ParOldGen       total 57344K, used 9861K [0x00000000c0000000, 0x00000000c3800000, 0x00000000eab00000)
  object space 57344K, 17% used [0x00000000c0000000,0x00000000c09a1668,0x00000000c3800000)
 Metaspace       used 34578K, capacity 35362K, committed 35496K, reserved 1079296K
  class space    used 4587K, capacity 4792K, committed 4864K, reserved 1048576K
}
Event: 5.410 GC heap before
{Heap before GC invocations=11 (full 2):
 PSYoungGen      total 120832K, used 7313K [0x00000000eab00000, 0x00000000f2d00000, 0x0000000100000000)
  eden space 108544K, 0% used [0x00000000eab00000,0x00000000eab00000,0x00000000f1500000)
  from space 12288K, 59% used [0x00000000f1500000,0x00000000f1c24658,0x00000000f2100000)
  to   space 11264K, 0% used [0x00000000f2100000,0x00000000f2100000,0x00000000f2c00000)
 ParOldGen       total 57344K, used 9861K [0x00000000c0000000, 0x00000000c3800000, 0x00000000eab00000)
  object space 57344K, 17% used [0x00000000c0000000,0x00000000c09a1668,0x00000000c3800000)
 Metaspace       used 34578K, capacity 35362K, committed 35496K, reserved 1079296K
  class space    used 4587K, capacity 4792K, committed 4864K, reserved 1048576K
Event: 5.462 GC heap after
Heap after GC invocations=11 (full 2):
 PSYoungGen      total 120832K, used 0K [0x00000000eab00000, 0x00000000f2d00000, 0x0000000100000000)
  eden space 108544K, 0% used [0x00000000eab00000,0x00000000eab00000,0x00000000f1500000)
  from space 12288K, 0% used [0x00000000f1500000,0x00000000f1500000,0x00000000f2100000)
  to   space 11264K, 0% used [0x00000000f2100000,0x00000000f2100000,0x00000000f2c00000)
 ParOldGen       total 81920K, used 15036K [0x00000000c0000000, 0x00000000c5000000, 0x00000000eab00000)
  object space 81920K, 18% used [0x00000000c0000000,0x00000000c0eaf288,0x00000000c5000000)
 Metaspace       used 34532K, capacity 35258K, committed 35496K, reserved 1079296K
  class space    used 4575K, capacity 4780K, committed 4864K, reserved 1048576K
}

