# JRE version: OpenJDK Runtime Environment (8.0_242-b01) (build 1.8.0_242-release-1644-b01)
# Java VM: OpenJDK 64-Bit Server VM (25.242-b01 mixed mode windows-amd64 compressed oops)
Heap:
 PSYoungGen      total 204800K, used 203595K [0x00000000eab00000, 0x0000000100000000, 0x0000000100000000)
  eden space 133120K, 99% used [0x00000000eab00000,0x00000000f2be20f8,0x00000000f2d00000)
  from space 71680K, 99% used [0x00000000f2d00000,0x00000000f72f0da8,0x00000000f7300000)
  to   space 113664K, 0% used [0x00000000f9100000,0x00000000f9100000,0x0000000100000000)
 ParOldGen       total 338944K, used 187089K [0x00000000c0000000, 0x00000000d4b00000, 0x00000000eab00000)
  object space 338944K, 55% used [0x00000000c0000000,0x00000000cb6b4440,0x00000000d4b00000)
 Metaspace       used 93820K, capacity 97162K, committed 100096K, reserved 1136640K
  class space    used 12051K, capacity 12713K, committed 13312K, reserved 1048576K
GC Heap History (10 events):
Event: 1192.725 GC heap before
{Heap before GC invocations=19 (full 3):
 PSYoungGen      total 286208K, used 240349K [0x00000000eab00000, 0x00000000ffd00000, 0x0000000100000000)
  eden space 226816K, 99% used [0x00000000eab00000,0x00000000f887f9f0,0x00000000f8880000)
  from space 59392K, 22% used [0x00000000f8880000,0x00000000f95b7bb8,0x00000000fc280000)
  to   space 56832K, 0% used [0x00000000fc580000,0x00000000fc580000,0x00000000ffd00000)
 ParOldGen       total 162816K, used 115533K [0x00000000c0000000, 0x00000000c9f00000, 0x00000000eab00000)
  object space 162816K, 70% used [0x00000000c0000000,0x00000000c70d3590,0x00000000c9f00000)
 Metaspace       used 92399K, capacity 97168K, committed 97280K, reserved 1134592K
  class space    used 12071K, capacity 12989K, committed 13056K, reserved 1048576K
Event: 1192.762 GC heap after
Heap after GC invocations=19 (full 3):
 PSYoungGen      total 276992K, used 50679K [0x00000000eab00000, 0x0000000100000000, 0x0000000100000000)
  eden space 220160K, 0% used [0x00000000eab00000,0x00000000eab00000,0x00000000f8200000)
  from space 56832K, 89% used [0x00000000fc580000,0x00000000ff6fde20,0x00000000ffd00000)
  to   space 64512K, 0% used [0x00000000f8200000,0x00000000f8200000,0x00000000fc100000)
 ParOldGen       total 162816K, used 115541K [0x00000000c0000000, 0x00000000c9f00000, 0x00000000eab00000)
  object space 162816K, 70% used [0x00000000c0000000,0x00000000c70d5590,0x00000000c9f00000)
 Metaspace       used 92399K, capacity 97168K, committed 97280K, reserved 1134592K
  class space    used 12071K, capacity 12989K, committed 13056K, reserved 1048576K
}
Event: 1193.470 GC heap before
{Heap before GC invocations=20 (full 3):
 PSYoungGen      total 276992K, used 270839K [0x00000000eab00000, 0x0000000100000000, 0x0000000100000000)
  eden space 220160K, 100% used [0x00000000eab00000,0x00000000f8200000,0x00000000f8200000)
  from space 56832K, 89% used [0x00000000fc580000,0x00000000ff6fde20,0x00000000ffd00000)
  to   space 64512K, 0% used [0x00000000f8200000,0x00000000f8200000,0x00000000fc100000)
 ParOldGen       total 162816K, used 115541K [0x00000000c0000000, 0x00000000c9f00000, 0x00000000eab00000)
  object space 162816K, 70% used [0x00000000c0000000,0x00000000c70d5590,0x00000000c9f00000)
 Metaspace       used 93597K, capacity 98452K, committed 98560K, reserved 1134592K
  class space    used 12230K, capacity 13123K, committed 13184K, reserved 1048576K
Event: 1193.552 GC heap after
Heap after GC invocations=20 (full 3):
 PSYoungGen      total 284672K, used 64499K [0x00000000eab00000, 0x0000000100000000, 0x0000000100000000)
  eden space 220160K, 0% used [0x00000000eab00000,0x00000000eab00000,0x00000000f8200000)
  from space 64512K, 99% used [0x00000000f8200000,0x00000000fc0fce00,0x00000000fc100000)
  to   space 64512K, 0% used [0x00000000fc100000,0x00000000fc100000,0x0000000100000000)
 ParOldGen       total 162816K, used 161514K [0x00000000c0000000, 0x00000000c9f00000, 0x00000000eab00000)
  object space 162816K, 99% used [0x00000000c0000000,0x00000000c9dbaa40,0x00000000c9f00000)
 Metaspace       used 93597K, capacity 98452K, committed 98560K, reserved 1134592K
  class space    used 12230K, capacity 13123K, committed 13184K, reserved 1048576K
}
Event: 1193.552 GC heap before
{Heap before GC invocations=21 (full 4):
 PSYoungGen      total 284672K, used 64499K [0x00000000eab00000, 0x0000000100000000, 0x0000000100000000)
  eden space 220160K, 0% used [0x00000000eab00000,0x00000000eab00000,0x00000000f8200000)
  from space 64512K, 99% used [0x00000000f8200000,0x00000000fc0fce00,0x00000000fc100000)
  to   space 64512K, 0% used [0x00000000fc100000,0x00000000fc100000,0x0000000100000000)
 ParOldGen       total 162816K, used 161514K [0x00000000c0000000, 0x00000000c9f00000, 0x00000000eab00000)
  object space 162816K, 99% used [0x00000000c0000000,0x00000000c9dbaa40,0x00000000c9f00000)
 Metaspace       used 93597K, capacity 98452K, committed 98560K, reserved 1134592K
  class space    used 12230K, capacity 13123K, committed 13184K, reserved 1048576K
Event: 1194.035 GC heap after
Heap after GC invocations=21 (full 4):
 PSYoungGen      total 284672K, used 6610K [0x00000000eab00000, 0x0000000100000000, 0x0000000100000000)
  eden space 220160K, 0% used [0x00000000eab00000,0x00000000eab00000,0x00000000f8200000)
  from space 64512K, 10% used [0x00000000f8200000,0x00000000f8874860,0x00000000fc100000)
  to   space 64512K, 0% used [0x00000000fc100000,0x00000000fc100000,0x0000000100000000)
 ParOldGen       total 338944K, used 162340K [0x00000000c0000000, 0x00000000d4b00000, 0x00000000eab00000)
  object space 338944K, 47% used [0x00000000c0000000,0x00000000c9e89230,0x00000000d4b00000)
 Metaspace       used 92279K, capacity 95492K, committed 98560K, reserved 1134592K
  class space    used 11912K, capacity 12538K, committed 13184K, reserved 1048576K
}
Event: 1194.665 GC heap before
{Heap before GC invocations=22 (full 4):
 PSYoungGen      total 284672K, used 226770K [0x00000000eab00000, 0x0000000100000000, 0x0000000100000000)
  eden space 220160K, 100% used [0x00000000eab00000,0x00000000f8200000,0x00000000f8200000)
  from space 64512K, 10% used [0x00000000f8200000,0x00000000f8874860,0x00000000fc100000)
  to   space 64512K, 0% used [0x00000000fc100000,0x00000000fc100000,0x0000000100000000)
 ParOldGen       total 338944K, used 162340K [0x00000000c0000000, 0x00000000d4b00000, 0x00000000eab00000)
  object space 338944K, 47% used [0x00000000c0000000,0x00000000c9e89230,0x00000000d4b00000)
 Metaspace       used 92728K, capacity 95948K, committed 99072K, reserved 1134592K
  class space    used 11949K, capacity 12574K, committed 13184K, reserved 1048576K
Event: 1194.729 GC heap after
Heap after GC invocations=22 (full 4):
 PSYoungGen      total 197632K, used 64500K [0x00000000eab00000, 0x0000000100000000, 0x0000000100000000)
  eden space 133120K, 0% used [0x00000000eab00000,0x00000000eab00000,0x00000000f2d00000)
  from space 64512K, 99% used [0x00000000fc100000,0x00000000ffffd0c0,0x0000000100000000)
  to   space 108032K, 0% used [0x00000000f2d00000,0x00000000f2d00000,0x00000000f9680000)
 ParOldGen       total 338944K, used 186503K [0x00000000c0000000, 0x00000000d4b00000, 0x00000000eab00000)
  object space 338944K, 55% used [0x00000000c0000000,0x00000000cb621d30,0x00000000d4b00000)
 Metaspace       used 92728K, capacity 95948K, committed 99072K, reserved 1134592K
  class space    used 11949K, capacity 12574K, committed 13184K, reserved 1048576K
}
Event: 1195.290 GC heap before
{Heap before GC invocations=23 (full 4):
 PSYoungGen      total 197632K, used 197620K [0x00000000eab00000, 0x0000000100000000, 0x0000000100000000)
  eden space 133120K, 100% used [0x00000000eab00000,0x00000000f2d00000,0x00000000f2d00000)
  from space 64512K, 99% used [0x00000000fc100000,0x00000000ffffd0c0,0x0000000100000000)
  to   space 108032K, 0% used [0x00000000f2d00000,0x00000000f2d00000,0x00000000f9680000)
 ParOldGen       total 338944K, used 186503K [0x00000000c0000000, 0x00000000d4b00000, 0x00000000eab00000)
  object space 338944K, 55% used [0x00000000c0000000,0x00000000cb621d30,0x00000000d4b00000)
 Metaspace       used 93663K, capacity 96940K, committed 99840K, reserved 1136640K
  class space    used 12040K, capacity 12708K, committed 13312K, reserved 1048576K
Event: 1195.337 GC heap after
Heap after GC invocations=23 (full 4):
 PSYoungGen      total 204800K, used 71619K [0x00000000eab00000, 0x0000000100000000, 0x0000000100000000)
  eden space 133120K, 0% used [0x00000000eab00000,0x00000000eab00000,0x00000000f2d00000)
  from space 71680K, 99% used [0x00000000f2d00000,0x00000000f72f0da8,0x00000000f7300000)
  to   space 113664K, 0% used [0x00000000f9100000,0x00000000f9100000,0x0000000100000000)
 ParOldGen       total 338944K, used 187089K [0x00000000c0000000, 0x00000000d4b00000, 0x00000000eab00000)
  object space 338944K, 55% used [0x00000000c0000000,0x00000000cb6b4440,0x00000000d4b00000)
 Metaspace       used 93663K, capacity 96940K, committed 99840K, reserved 1136640K
  class space    used 12040K, capacity 12708K, committed 13312K, reserved 1048576K
}

